mode: atomic
github.com/justfairdev/ipchecker/cmd/ipchecker/main.go:13.13,16.16 2 0
github.com/justfairdev/ipchecker/cmd/ipchecker/main.go:16.16,18.3 1 0
github.com/justfairdev/ipchecker/cmd/ipchecker/main.go:21.2,22.16 2 0
github.com/justfairdev/ipchecker/cmd/ipchecker/main.go:22.16,24.3 1 0
github.com/justfairdev/ipchecker/cmd/ipchecker/main.go:27.2,27.12 1 0
github.com/justfairdev/ipchecker/cmd/ipchecker/main.go:27.12,29.64 1 0
github.com/justfairdev/ipchecker/cmd/ipchecker/main.go:29.64,31.4 1 0
github.com/justfairdev/ipchecker/cmd/ipchecker/main.go:35.2,41.22 6 0
github.com/justfairdev/ipchecker/internal/geo/geolookup.go:18.68,20.16 2 0
github.com/justfairdev/ipchecker/internal/geo/geolookup.go:20.16,22.3 1 0
github.com/justfairdev/ipchecker/internal/geo/geolookup.go:24.2,24.39 1 0
github.com/justfairdev/ipchecker/internal/geo/geolookup.go:28.73,30.15 2 0
github.com/justfairdev/ipchecker/internal/geo/geolookup.go:30.15,32.3 1 0
github.com/justfairdev/ipchecker/internal/geo/geolookup.go:34.2,35.16 2 0
github.com/justfairdev/ipchecker/internal/geo/geolookup.go:35.16,37.3 1 0
github.com/justfairdev/ipchecker/internal/geo/geolookup.go:39.2,39.36 1 0
github.com/justfairdev/ipchecker/internal/geo/geolookup.go:42.42,44.2 1 0
github.com/justfairdev/ipchecker/internal/geo/geolookup.go:53.41,55.2 1 0
github.com/justfairdev/ipchecker/internal/geo/mock_geo.go:11.83,16.2 1 0
github.com/justfairdev/ipchecker/internal/geo/mock_geo.go:19.81,20.27 1 0
github.com/justfairdev/ipchecker/internal/geo/mock_geo.go:20.27,22.6 1 0
github.com/justfairdev/ipchecker/internal/geo/mock_geo.go:23.5,23.34 1 0
github.com/justfairdev/ipchecker/internal/geo/mock_geo.go:27.46,29.2 1 0
github.com/justfairdev/ipchecker/internal/config/config.go:12.30,18.2 2 0
github.com/justfairdev/ipchecker/internal/config/config.go:20.44,21.38 1 0
github.com/justfairdev/ipchecker/internal/config/config.go:21.38,23.3 1 0
github.com/justfairdev/ipchecker/internal/config/config.go:24.2,24.19 1 0
github.com/justfairdev/ipchecker/docs/docs.go:116.13,118.2 1 0
github.com/justfairdev/ipchecker/internal/geo/geolookup.go:18.68,20.16 2 0
github.com/justfairdev/ipchecker/internal/geo/geolookup.go:20.16,22.3 1 0
github.com/justfairdev/ipchecker/internal/geo/geolookup.go:24.2,24.39 1 0
github.com/justfairdev/ipchecker/internal/geo/geolookup.go:28.73,30.15 2 0
github.com/justfairdev/ipchecker/internal/geo/geolookup.go:30.15,32.3 1 0
github.com/justfairdev/ipchecker/internal/geo/geolookup.go:34.2,35.16 2 0
github.com/justfairdev/ipchecker/internal/geo/geolookup.go:35.16,37.3 1 0
github.com/justfairdev/ipchecker/internal/geo/geolookup.go:39.2,39.36 1 0
github.com/justfairdev/ipchecker/internal/geo/geolookup.go:42.42,44.2 1 0
github.com/justfairdev/ipchecker/internal/geo/geolookup.go:53.41,55.2 1 0
github.com/justfairdev/ipchecker/internal/geo/mock_geo.go:11.83,16.2 1 2
github.com/justfairdev/ipchecker/internal/geo/mock_geo.go:19.81,20.27 1 2
github.com/justfairdev/ipchecker/internal/geo/mock_geo.go:20.27,22.6 1 1
github.com/justfairdev/ipchecker/internal/geo/mock_geo.go:23.5,23.34 1 1
github.com/justfairdev/ipchecker/internal/geo/mock_geo.go:27.46,29.2 1 0
github.com/justfairdev/ipchecker/internal/grpcserver/ipchecker_grpc.go:20.68,22.2 1 2
github.com/justfairdev/ipchecker/internal/grpcserver/ipchecker_grpc.go:25.113,28.16 2 2
github.com/justfairdev/ipchecker/internal/grpcserver/ipchecker_grpc.go:28.16,31.3 1 1
github.com/justfairdev/ipchecker/internal/grpcserver/ipchecker_grpc.go:34.2,35.47 2 1
github.com/justfairdev/ipchecker/internal/grpcserver/ipchecker_grpc.go:35.47,36.20 1 1
github.com/justfairdev/ipchecker/internal/grpcserver/ipchecker_grpc.go:36.20,38.9 2 1
github.com/justfairdev/ipchecker/internal/grpcserver/ipchecker_grpc.go:43.2,46.8 1 1
github.com/justfairdev/ipchecker/proto/ipchecker.pb.go:33.34,38.2 4 2
github.com/justfairdev/ipchecker/proto/ipchecker.pb.go:40.42,42.2 1 0
github.com/justfairdev/ipchecker/proto/ipchecker.pb.go:44.40,44.41 0 0
github.com/justfairdev/ipchecker/proto/ipchecker.pb.go:46.62,48.14 2 6
github.com/justfairdev/ipchecker/proto/ipchecker.pb.go:48.14,50.34 2 6
github.com/justfairdev/ipchecker/proto/ipchecker.pb.go:50.34,52.4 1 4
github.com/justfairdev/ipchecker/proto/ipchecker.pb.go:53.3,53.12 1 6
github.com/justfairdev/ipchecker/proto/ipchecker.pb.go:55.2,55.24 1 0
github.com/justfairdev/ipchecker/proto/ipchecker.pb.go:59.53,61.2 1 0
github.com/justfairdev/ipchecker/proto/ipchecker.pb.go:63.48,64.14 1 2
github.com/justfairdev/ipchecker/proto/ipchecker.pb.go:64.14,66.3 1 2
github.com/justfairdev/ipchecker/proto/ipchecker.pb.go:67.2,67.11 1 0
github.com/justfairdev/ipchecker/proto/ipchecker.pb.go:70.57,71.14 1 1
github.com/justfairdev/ipchecker/proto/ipchecker.pb.go:71.14,73.3 1 1
github.com/justfairdev/ipchecker/proto/ipchecker.pb.go:74.2,74.12 1 0
github.com/justfairdev/ipchecker/proto/ipchecker.pb.go:86.35,91.2 4 1
github.com/justfairdev/ipchecker/proto/ipchecker.pb.go:93.43,95.2 1 0
github.com/justfairdev/ipchecker/proto/ipchecker.pb.go:97.41,97.42 0 0
github.com/justfairdev/ipchecker/proto/ipchecker.pb.go:99.63,101.14 2 3
github.com/justfairdev/ipchecker/proto/ipchecker.pb.go:101.14,103.34 2 3
github.com/justfairdev/ipchecker/proto/ipchecker.pb.go:103.34,105.4 1 2
github.com/justfairdev/ipchecker/proto/ipchecker.pb.go:106.3,106.12 1 3
github.com/justfairdev/ipchecker/proto/ipchecker.pb.go:108.2,108.24 1 0
github.com/justfairdev/ipchecker/proto/ipchecker.pb.go:112.54,114.2 1 0
github.com/justfairdev/ipchecker/proto/ipchecker.pb.go:116.45,117.14 1 0
github.com/justfairdev/ipchecker/proto/ipchecker.pb.go:117.14,119.3 1 0
github.com/justfairdev/ipchecker/proto/ipchecker.pb.go:120.2,120.14 1 0
github.com/justfairdev/ipchecker/proto/ipchecker.pb.go:123.47,124.14 1 0
github.com/justfairdev/ipchecker/proto/ipchecker.pb.go:124.14,126.3 1 0
github.com/justfairdev/ipchecker/proto/ipchecker.pb.go:127.2,127.11 1 0
github.com/justfairdev/ipchecker/proto/ipchecker.pb.go:150.48,151.45 1 0
github.com/justfairdev/ipchecker/proto/ipchecker.pb.go:151.45,153.3 1 0
github.com/justfairdev/ipchecker/proto/ipchecker.pb.go:154.2,154.41 1 0
github.com/justfairdev/ipchecker/proto/ipchecker.pb.go:172.13,172.44 1 1
github.com/justfairdev/ipchecker/proto/ipchecker.pb.go:173.34,174.33 1 1
github.com/justfairdev/ipchecker/proto/ipchecker.pb.go:174.33,176.3 1 0
github.com/justfairdev/ipchecker/proto/ipchecker.pb.go:177.2,193.36 5 1
github.com/justfairdev/ipchecker/proto/ipchecker_grpc.pb.go:39.70,41.2 1 2
github.com/justfairdev/ipchecker/proto/ipchecker_grpc.pb.go:43.127,47.16 4 2
github.com/justfairdev/ipchecker/proto/ipchecker_grpc.pb.go:47.16,49.3 1 1
github.com/justfairdev/ipchecker/proto/ipchecker_grpc.pb.go:50.2,50.17 1 1
github.com/justfairdev/ipchecker/proto/ipchecker_grpc.pb.go:71.105,73.2 1 0
github.com/justfairdev/ipchecker/proto/ipchecker_grpc.pb.go:74.78,74.79 0 0
github.com/justfairdev/ipchecker/proto/ipchecker_grpc.pb.go:75.78,75.79 0 2
github.com/justfairdev/ipchecker/proto/ipchecker_grpc.pb.go:84.76,89.59 1 2
github.com/justfairdev/ipchecker/proto/ipchecker_grpc.pb.go:89.59,91.3 1 2
github.com/justfairdev/ipchecker/proto/ipchecker_grpc.pb.go:92.2,92.48 1 2
github.com/justfairdev/ipchecker/proto/ipchecker_grpc.pb.go:95.162,97.32 2 2
github.com/justfairdev/ipchecker/proto/ipchecker_grpc.pb.go:97.32,99.3 1 0
github.com/justfairdev/ipchecker/proto/ipchecker_grpc.pb.go:100.2,100.24 1 2
github.com/justfairdev/ipchecker/proto/ipchecker_grpc.pb.go:100.24,102.3 1 2
github.com/justfairdev/ipchecker/proto/ipchecker_grpc.pb.go:103.2,107.77 2 0
github.com/justfairdev/ipchecker/proto/ipchecker_grpc.pb.go:107.77,109.3 1 0
github.com/justfairdev/ipchecker/proto/ipchecker_grpc.pb.go:110.2,110.44 1 0
github.com/justfairdev/ipchecker/internal/middleware/gin_logger.go:11.52,12.30 1 0
github.com/justfairdev/ipchecker/internal/middleware/gin_logger.go:12.30,31.3 7 0
github.com/justfairdev/ipchecker/internal/middleware/gin_logger.go:35.54,36.72 1 0
github.com/justfairdev/ipchecker/internal/middleware/gin_logger.go:36.72,46.3 3 0
github.com/justfairdev/ipchecker/internal/middleware/grpc_logger.go:14.78,20.28 1 0
github.com/justfairdev/ipchecker/internal/middleware/grpc_logger.go:20.28,45.6 7 0
github.com/justfairdev/ipchecker/internal/logger/logger.go:8.39,18.2 2 0
github.com/justfairdev/ipchecker/internal/server/grpcserver.go:14.76,17.19 2 0
github.com/justfairdev/ipchecker/internal/server/grpcserver.go:17.19,19.6 1 0
github.com/justfairdev/ipchecker/internal/server/grpcserver.go:22.5,33.24 5 0
github.com/justfairdev/ipchecker/internal/server/httpserver.go:17.75,20.16 2 0
github.com/justfairdev/ipchecker/internal/server/httpserver.go:20.16,22.3 1 0
github.com/justfairdev/ipchecker/internal/server/httpserver.go:25.2,42.15 6 0
github.com/justfairdev/ipchecker/internal/server/router.go:9.66,18.2 2 0
github.com/justfairdev/ipchecker/internal/server/server.go:22.59,25.16 2 0
github.com/justfairdev/ipchecker/internal/server/server.go:25.16,27.3 1 0
github.com/justfairdev/ipchecker/internal/server/server.go:30.2,31.16 2 0
github.com/justfairdev/ipchecker/internal/server/server.go:31.16,33.3 1 0
github.com/justfairdev/ipchecker/internal/server/server.go:36.2,37.16 2 0
github.com/justfairdev/ipchecker/internal/server/server.go:37.16,39.3 1 0
github.com/justfairdev/ipchecker/internal/server/server.go:41.2,45.8 1 0
github.com/justfairdev/ipchecker/internal/server/server.go:49.60,51.12 1 0
github.com/justfairdev/ipchecker/internal/server/server.go:51.12,53.17 2 0
github.com/justfairdev/ipchecker/internal/server/server.go:53.17,55.4 1 0
github.com/justfairdev/ipchecker/internal/server/server.go:56.3,58.49 2 0
github.com/justfairdev/ipchecker/internal/server/server.go:58.49,60.4 1 0
github.com/justfairdev/ipchecker/internal/server/server.go:64.2,65.41 2 0
github.com/justfairdev/ipchecker/internal/server/server.go:69.28,75.2 4 0
github.com/justfairdev/ipchecker/proto/ipchecker.pb.go:33.34,38.2 4 0
github.com/justfairdev/ipchecker/proto/ipchecker.pb.go:40.42,42.2 1 0
github.com/justfairdev/ipchecker/proto/ipchecker.pb.go:44.40,44.41 0 0
github.com/justfairdev/ipchecker/proto/ipchecker.pb.go:46.62,48.14 2 0
github.com/justfairdev/ipchecker/proto/ipchecker.pb.go:48.14,50.34 2 0
github.com/justfairdev/ipchecker/proto/ipchecker.pb.go:50.34,52.4 1 0
github.com/justfairdev/ipchecker/proto/ipchecker.pb.go:53.3,53.12 1 0
github.com/justfairdev/ipchecker/proto/ipchecker.pb.go:55.2,55.24 1 0
github.com/justfairdev/ipchecker/proto/ipchecker.pb.go:59.53,61.2 1 0
github.com/justfairdev/ipchecker/proto/ipchecker.pb.go:63.48,64.14 1 0
github.com/justfairdev/ipchecker/proto/ipchecker.pb.go:64.14,66.3 1 0
github.com/justfairdev/ipchecker/proto/ipchecker.pb.go:67.2,67.11 1 0
github.com/justfairdev/ipchecker/proto/ipchecker.pb.go:70.57,71.14 1 0
github.com/justfairdev/ipchecker/proto/ipchecker.pb.go:71.14,73.3 1 0
github.com/justfairdev/ipchecker/proto/ipchecker.pb.go:74.2,74.12 1 0
github.com/justfairdev/ipchecker/proto/ipchecker.pb.go:86.35,91.2 4 0
github.com/justfairdev/ipchecker/proto/ipchecker.pb.go:93.43,95.2 1 0
github.com/justfairdev/ipchecker/proto/ipchecker.pb.go:97.41,97.42 0 0
github.com/justfairdev/ipchecker/proto/ipchecker.pb.go:99.63,101.14 2 0
github.com/justfairdev/ipchecker/proto/ipchecker.pb.go:101.14,103.34 2 0
github.com/justfairdev/ipchecker/proto/ipchecker.pb.go:103.34,105.4 1 0
github.com/justfairdev/ipchecker/proto/ipchecker.pb.go:106.3,106.12 1 0
github.com/justfairdev/ipchecker/proto/ipchecker.pb.go:108.2,108.24 1 0
github.com/justfairdev/ipchecker/proto/ipchecker.pb.go:112.54,114.2 1 0
github.com/justfairdev/ipchecker/proto/ipchecker.pb.go:116.45,117.14 1 0
github.com/justfairdev/ipchecker/proto/ipchecker.pb.go:117.14,119.3 1 0
github.com/justfairdev/ipchecker/proto/ipchecker.pb.go:120.2,120.14 1 0
github.com/justfairdev/ipchecker/proto/ipchecker.pb.go:123.47,124.14 1 0
github.com/justfairdev/ipchecker/proto/ipchecker.pb.go:124.14,126.3 1 0
github.com/justfairdev/ipchecker/proto/ipchecker.pb.go:127.2,127.11 1 0
github.com/justfairdev/ipchecker/proto/ipchecker.pb.go:150.48,151.45 1 0
github.com/justfairdev/ipchecker/proto/ipchecker.pb.go:151.45,153.3 1 0
github.com/justfairdev/ipchecker/proto/ipchecker.pb.go:154.2,154.41 1 0
github.com/justfairdev/ipchecker/proto/ipchecker.pb.go:172.13,172.44 1 0
github.com/justfairdev/ipchecker/proto/ipchecker.pb.go:173.34,174.33 1 0
github.com/justfairdev/ipchecker/proto/ipchecker.pb.go:174.33,176.3 1 0
github.com/justfairdev/ipchecker/proto/ipchecker.pb.go:177.2,193.36 5 0
github.com/justfairdev/ipchecker/proto/ipchecker_grpc.pb.go:39.70,41.2 1 0
github.com/justfairdev/ipchecker/proto/ipchecker_grpc.pb.go:43.127,47.16 4 0
github.com/justfairdev/ipchecker/proto/ipchecker_grpc.pb.go:47.16,49.3 1 0
github.com/justfairdev/ipchecker/proto/ipchecker_grpc.pb.go:50.2,50.17 1 0
github.com/justfairdev/ipchecker/proto/ipchecker_grpc.pb.go:71.105,73.2 1 0
github.com/justfairdev/ipchecker/proto/ipchecker_grpc.pb.go:74.78,74.79 0 0
github.com/justfairdev/ipchecker/proto/ipchecker_grpc.pb.go:75.78,75.79 0 0
github.com/justfairdev/ipchecker/proto/ipchecker_grpc.pb.go:84.76,89.59 1 0
github.com/justfairdev/ipchecker/proto/ipchecker_grpc.pb.go:89.59,91.3 1 0
github.com/justfairdev/ipchecker/proto/ipchecker_grpc.pb.go:92.2,92.48 1 0
github.com/justfairdev/ipchecker/proto/ipchecker_grpc.pb.go:95.162,97.32 2 0
github.com/justfairdev/ipchecker/proto/ipchecker_grpc.pb.go:97.32,99.3 1 0
github.com/justfairdev/ipchecker/proto/ipchecker_grpc.pb.go:100.2,100.24 1 0
github.com/justfairdev/ipchecker/proto/ipchecker_grpc.pb.go:100.24,102.3 1 0
github.com/justfairdev/ipchecker/proto/ipchecker_grpc.pb.go:103.2,107.77 2 0
github.com/justfairdev/ipchecker/proto/ipchecker_grpc.pb.go:107.77,109.3 1 0
github.com/justfairdev/ipchecker/proto/ipchecker_grpc.pb.go:110.2,110.44 1 0
github.com/justfairdev/ipchecker/internal/geo/geolookup.go:18.68,20.16 2 0
github.com/justfairdev/ipchecker/internal/geo/geolookup.go:20.16,22.3 1 0
github.com/justfairdev/ipchecker/internal/geo/geolookup.go:24.2,24.39 1 0
github.com/justfairdev/ipchecker/internal/geo/geolookup.go:28.73,30.15 2 0
github.com/justfairdev/ipchecker/internal/geo/geolookup.go:30.15,32.3 1 0
github.com/justfairdev/ipchecker/internal/geo/geolookup.go:34.2,35.16 2 0
github.com/justfairdev/ipchecker/internal/geo/geolookup.go:35.16,37.3 1 0
github.com/justfairdev/ipchecker/internal/geo/geolookup.go:39.2,39.36 1 0
github.com/justfairdev/ipchecker/internal/geo/geolookup.go:42.42,44.2 1 0
github.com/justfairdev/ipchecker/internal/geo/geolookup.go:53.41,55.2 1 0
github.com/justfairdev/ipchecker/internal/geo/mock_geo.go:11.83,16.2 1 2
github.com/justfairdev/ipchecker/internal/geo/mock_geo.go:19.81,20.27 1 1
github.com/justfairdev/ipchecker/internal/geo/mock_geo.go:20.27,22.6 1 0
github.com/justfairdev/ipchecker/internal/geo/mock_geo.go:23.5,23.34 1 1
github.com/justfairdev/ipchecker/internal/geo/mock_geo.go:27.46,29.2 1 0
github.com/justfairdev/ipchecker/internal/handler/iphandler.go:17.60,19.2 1 2
github.com/justfairdev/ipchecker/internal/handler/iphandler.go:32.47,34.52 2 2
github.com/justfairdev/ipchecker/internal/handler/iphandler.go:34.52,37.6 2 1
github.com/justfairdev/ipchecker/internal/handler/iphandler.go:39.5,40.19 2 1
github.com/justfairdev/ipchecker/internal/handler/iphandler.go:40.19,41.36 1 0
github.com/justfairdev/ipchecker/internal/handler/iphandler.go:41.36,43.10 1 0
github.com/justfairdev/ipchecker/internal/handler/iphandler.go:43.15,45.10 1 0
github.com/justfairdev/ipchecker/internal/handler/iphandler.go:46.9,46.15 1 0
github.com/justfairdev/ipchecker/internal/handler/iphandler.go:49.5,50.45 2 1
github.com/justfairdev/ipchecker/internal/handler/iphandler.go:50.45,51.30 1 1
github.com/justfairdev/ipchecker/internal/handler/iphandler.go:51.30,53.18 2 1
github.com/justfairdev/ipchecker/internal/handler/iphandler.go:57.5,60.7 1 1
